[INFO] Scanning for projects...
[INFO] 
[INFO] ------------------------< com.example:Backend >-------------------------
[INFO] Building Backend 0.0.1-SNAPSHOT
[INFO]   from pom.xml
[INFO] --------------------------------[ jar ]---------------------------------
[INFO] 
[INFO] >>> spring-boot:4.0.5:run (default-cli) > test-compile @ Backend >>>
[INFO] 
[INFO] --- resources:3.3.1:resources (default-resources) @ Backend ---
[INFO] Copying 1 resource from src\main\resources to target\classes
[INFO] Copying 0 resource from src\main\resources to target\classes
[INFO] 
[INFO] --- compiler:3.14.1:compile (default-compile) @ Backend ---
[INFO] Nothing to compile - all classes are up to date.
[INFO] 
[INFO] --- resources:3.3.1:testResources (default-testResources) @ Backend ---
[INFO] skip non existing resourceDirectory C:\Users\nhatl\IdeaProjects\Backend\src\test\resources
[INFO] 
[INFO] --- compiler:3.14.1:testCompile (default-testCompile) @ Backend ---
[INFO] Nothing to compile - all classes are up to date.
[INFO] 
[INFO] <<< spring-boot:4.0.5:run (default-cli) < test-compile @ Backend <<<
[INFO] 
[INFO] 
[INFO] --- spring-boot:4.0.5:run (default-cli) @ Backend ---
[INFO] Attaching agents: []

  .   ____          _            __ _ _
 /\\ / ___'_ __ _ _(_)_ __  __ _ \ \ \ \
( ( )\___ | '_ | '_| | '_ \/ _` | \ \ \ \
 \\/  ___)| |_)| | | | | || (_| |  ) ) ) )
  '  |____| .__|_| |_|_| |_\__, | / / / /
 =========|_|==============|___/=/_/_/_/

 :: Spring Boot ::                (v4.0.5)

2026-04-07T15:02:22.680+07:00  INFO 6692 --- [Backend] [  restartedMain] com.example.backend.BackendApplication   : Starting BackendApplication using Java 25.0.2 with PID 6692 (C:\Users\nhatl\IdeaProjects\Backend\target\classes started by nhatl in C:\Users\nhatl\IdeaProjects\Backend)
2026-04-07T15:02:22.683+07:00  INFO 6692 --- [Backend] [  restartedMain] com.example.backend.BackendApplication   : No active profile set, falling back to 1 default profile: "default"
2026-04-07T15:02:22.725+07:00  INFO 6692 --- [Backend] [  restartedMain] .e.DevToolsPropertyDefaultsPostProcessor : Devtools property defaults active! Set 'spring.devtools.add-properties' to 'false' to disable
2026-04-07T15:02:22.725+07:00  INFO 6692 --- [Backend] [  restartedMain] .e.DevToolsPropertyDefaultsPostProcessor : For additional web related logging consider setting the 'logging.level.web' property to 'DEBUG'
2026-04-07T15:02:23.212+07:00  INFO 6692 --- [Backend] [  restartedMain] .s.d.r.c.RepositoryConfigurationDelegate : Bootstrapping Spring Data JPA repositories in DEFAULT mode.
2026-04-07T15:02:23.252+07:00  INFO 6692 --- [Backend] [  restartedMain] .s.d.r.c.RepositoryConfigurationDelegate : Finished Spring Data repository scanning in 33 ms. Found 1 JPA repository interface.
2026-04-07T15:02:23.623+07:00  INFO 6692 --- [Backend] [  restartedMain] o.s.boot.tomcat.TomcatWebServer          : Tomcat initialized with port 8080 (http)
2026-04-07T15:02:23.635+07:00  INFO 6692 --- [Backend] [  restartedMain] o.apache.catalina.core.StandardService   : Starting service [Tomcat]
2026-04-07T15:02:23.636+07:00  INFO 6692 --- [Backend] [  restartedMain] o.apache.catalina.core.StandardEngine    : Starting Servlet engine: [Apache Tomcat/11.0.20]
2026-04-07T15:02:23.664+07:00  INFO 6692 --- [Backend] [  restartedMain] b.w.c.s.WebApplicationContextInitializer : Root WebApplicationContext: initialization completed in 938 ms
2026-04-07T15:02:23.780+07:00  INFO 6692 --- [Backend] [  restartedMain] org.hibernate.orm.jpa                    : HHH008540: Processing PersistenceUnitInfo [name: default]
2026-04-07T15:02:23.815+07:00  INFO 6692 --- [Backend] [  restartedMain] org.hibernate.orm.core                   : HHH000001: Hibernate ORM core version 7.2.7.Final
2026-04-07T15:02:24.131+07:00  INFO 6692 --- [Backend] [  restartedMain] o.s.o.j.p.SpringPersistenceUnitInfo      : No LoadTimeWeaver setup: ignoring JPA class transformer
2026-04-07T15:02:24.154+07:00  INFO 6692 --- [Backend] [  restartedMain] com.zaxxer.hikari.HikariDataSource       : HikariPool-1 - Starting...
2026-04-07T15:02:24.298+07:00  INFO 6692 --- [Backend] [  restartedMain] com.zaxxer.hikari.pool.HikariPool        : HikariPool-1 - Added connection org.postgresql.jdbc.PgConnection@50935282
2026-04-07T15:02:24.300+07:00  INFO 6692 --- [Backend] [  restartedMain] com.zaxxer.hikari.HikariDataSource       : HikariPool-1 - Start completed.
